<?xml version="1.0" encoding="UTF-8"?>
<testsuite xmlns:xsi="http://www.w3.org/2001/XMLSchema-instance" xsi:noNamespaceSchemaLocation="https://maven.apache.org/surefire/maven-surefire-plugin/xsd/surefire-test-report-3.0.xsd" version="3.0" name="TestSuite" time="33.22" tests="3" errors="0" skipped="0" failures="0">
  <properties>
    <property name="surefire.suiteXmlFiles" value="android.xml"/>
    <property name="java.specification.version" value="15"/>
    <property name="sun.jnu.encoding" value="UTF-8"/>
    <property name="java.class.path" value="/Users/arieshome/Projects/Git/appium-pageobjectmodel/target/test-classes:/Users/arieshome/Projects/Git/appium-pageobjectmodel/target/classes:/Users/arieshome/.m2/repository/io/appium/java-client/7.6.0/java-client-7.6.0.jar:/Users/arieshome/.m2/repository/org/seleniumhq/selenium/selenium-java/3.141.59/selenium-java-3.141.59.jar:/Users/arieshome/.m2/repository/org/seleniumhq/selenium/selenium-chrome-driver/3.141.59/selenium-chrome-driver-3.141.59.jar:/Users/arieshome/.m2/repository/org/seleniumhq/selenium/selenium-edge-driver/3.141.59/selenium-edge-driver-3.141.59.jar:/Users/arieshome/.m2/repository/org/seleniumhq/selenium/selenium-firefox-driver/3.141.59/selenium-firefox-driver-3.141.59.jar:/Users/arieshome/.m2/repository/org/seleniumhq/selenium/selenium-ie-driver/3.141.59/selenium-ie-driver-3.141.59.jar:/Users/arieshome/.m2/repository/org/seleniumhq/selenium/selenium-opera-driver/3.141.59/selenium-opera-driver-3.141.59.jar:/Users/arieshome/.m2/repository/org/seleniumhq/selenium/selenium-remote-driver/3.141.59/selenium-remote-driver-3.141.59.jar:/Users/arieshome/.m2/repository/org/seleniumhq/selenium/selenium-safari-driver/3.141.59/selenium-safari-driver-3.141.59.jar:/Users/arieshome/.m2/repository/net/bytebuddy/byte-buddy/1.8.15/byte-buddy-1.8.15.jar:/Users/arieshome/.m2/repository/org/apache/commons/commons-exec/1.3/commons-exec-1.3.jar:/Users/arieshome/.m2/repository/com/google/guava/guava/25.0-jre/guava-25.0-jre.jar:/Users/arieshome/.m2/repository/org/checkerframework/checker-compat-qual/2.0.0/checker-compat-qual-2.0.0.jar:/Users/arieshome/.m2/repository/com/google/errorprone/error_prone_annotations/2.1.3/error_prone_annotations-2.1.3.jar:/Users/arieshome/.m2/repository/com/google/j2objc/j2objc-annotations/1.1/j2objc-annotations-1.1.jar:/Users/arieshome/.m2/repository/org/codehaus/mojo/animal-sniffer-annotations/1.14/animal-sniffer-annotations-1.14.jar:/Users/arieshome/.m2/repository/com/squareup/okhttp3/okhttp/3.11.0/okhttp-3.11.0.jar:/Users/arieshome/.m2/repository/com/squareup/okio/okio/1.14.0/okio-1.14.0.jar:/Users/arieshome/.m2/repository/org/seleniumhq/selenium/selenium-support/3.141.59/selenium-support-3.141.59.jar:/Users/arieshome/.m2/repository/org/seleniumhq/selenium/selenium-api/3.141.59/selenium-api-3.141.59.jar:/Users/arieshome/.m2/repository/com/google/code/gson/gson/2.8.8/gson-2.8.8.jar:/Users/arieshome/.m2/repository/org/apache/httpcomponents/httpclient/4.5.13/httpclient-4.5.13.jar:/Users/arieshome/.m2/repository/org/apache/httpcomponents/httpcore/4.4.13/httpcore-4.4.13.jar:/Users/arieshome/.m2/repository/commons-logging/commons-logging/1.2/commons-logging-1.2.jar:/Users/arieshome/.m2/repository/cglib/cglib/3.3.0/cglib-3.3.0.jar:/Users/arieshome/.m2/repository/org/ow2/asm/asm/7.1/asm-7.1.jar:/Users/arieshome/.m2/repository/commons-validator/commons-validator/1.7/commons-validator-1.7.jar:/Users/arieshome/.m2/repository/commons-beanutils/commons-beanutils/1.9.4/commons-beanutils-1.9.4.jar:/Users/arieshome/.m2/repository/commons-digester/commons-digester/2.1/commons-digester-2.1.jar:/Users/arieshome/.m2/repository/commons-collections/commons-collections/3.2.2/commons-collections-3.2.2.jar:/Users/arieshome/.m2/repository/org/apache/commons/commons-lang3/3.12.0/commons-lang3-3.12.0.jar:/Users/arieshome/.m2/repository/org/springframework/spring-context/5.3.10/spring-context-5.3.10.jar:/Users/arieshome/.m2/repository/org/springframework/spring-aop/5.3.10/spring-aop-5.3.10.jar:/Users/arieshome/.m2/repository/org/springframework/spring-beans/5.3.10/spring-beans-5.3.10.jar:/Users/arieshome/.m2/repository/org/springframework/spring-core/5.3.10/spring-core-5.3.10.jar:/Users/arieshome/.m2/repository/org/springframework/spring-jcl/5.3.10/spring-jcl-5.3.10.jar:/Users/arieshome/.m2/repository/org/springframework/spring-expression/5.3.10/spring-expression-5.3.10.jar:/Users/arieshome/.m2/repository/org/aspectj/aspectjweaver/1.9.7/aspectjweaver-1.9.7.jar:/Users/arieshome/.m2/repository/org/slf4j/slf4j-api/1.7.32/slf4j-api-1.7.32.jar:/Users/arieshome/.m2/repository/org/testng/testng/7.6.0/testng-7.6.0.jar:/Users/arieshome/.m2/repository/com/google/code/findbugs/jsr305/3.0.2/jsr305-3.0.2.jar:/Users/arieshome/.m2/repository/com/beust/jcommander/1.82/jcommander-1.82.jar:/Users/arieshome/.m2/repository/org/webjars/jquery/3.6.0/jquery-3.6.0.jar:/Users/arieshome/.m2/repository/org/json/json/20210307/json-20210307.jar:/Users/arieshome/.m2/repository/org/apache/logging/log4j/log4j-core/2.14.1/log4j-core-2.14.1.jar:/Users/arieshome/.m2/repository/org/apache/logging/log4j/log4j-api/2.14.1/log4j-api-2.14.1.jar:/Users/arieshome/.m2/repository/com/aventstack/extentreports/5.0.9/extentreports-5.0.9.jar:/Users/arieshome/.m2/repository/io/reactivex/rxjava3/rxjava/3.0.4/rxjava-3.0.4.jar:/Users/arieshome/.m2/repository/org/reactivestreams/reactive-streams/1.0.3/reactive-streams-1.0.3.jar:/Users/arieshome/.m2/repository/org/freemarker/freemarker/2.3.30/freemarker-2.3.30.jar:/Users/arieshome/.m2/repository/org/projectlombok/lombok/1.18.12/lombok-1.18.12.jar:/Users/arieshome/.m2/repository/commons-codec/commons-codec/1.15/commons-codec-1.15.jar:/Users/arieshome/.m2/repository/commons-io/commons-io/2.11.0/commons-io-2.11.0.jar:"/>
    <property name="java.vm.vendor" value="Oracle Corporation"/>
    <property name="sun.arch.data.model" value="64"/>
    <property name="java.vendor.url" value="https://java.oracle.com/"/>
    <property name="user.timezone" value="America/New_York"/>
    <property name="os.name" value="Mac OS X"/>
    <property name="java.vm.specification.version" value="15"/>
    <property name="sun.java.launcher" value="SUN_STANDARD"/>
    <property name="user.country" value="US"/>
    <property name="sun.boot.library.path" value="/Library/Java/JavaVirtualMachines/jdk-15.0.2.jdk/Contents/Home/lib"/>
    <property name="sun.java.command" value="/Users/arieshome/Projects/Git/appium-pageobjectmodel/target/surefire/surefirebooter-20220926225754189_3.jar /Users/arieshome/Projects/Git/appium-pageobjectmodel/target/surefire 2022-09-26T22-57-53_668-jvmRun1 surefire-20220926225754189_1tmp surefire_0-20220926225754189_2tmp"/>
    <property name="http.nonProxyHosts" value="local|*.local|169.254/16|*.169.254/16"/>
    <property name="jdk.debug" value="release"/>
    <property name="surefire.test.class.path" value="/Users/arieshome/Projects/Git/appium-pageobjectmodel/target/test-classes:/Users/arieshome/Projects/Git/appium-pageobjectmodel/target/classes:/Users/arieshome/.m2/repository/io/appium/java-client/7.6.0/java-client-7.6.0.jar:/Users/arieshome/.m2/repository/org/seleniumhq/selenium/selenium-java/3.141.59/selenium-java-3.141.59.jar:/Users/arieshome/.m2/repository/org/seleniumhq/selenium/selenium-chrome-driver/3.141.59/selenium-chrome-driver-3.141.59.jar:/Users/arieshome/.m2/repository/org/seleniumhq/selenium/selenium-edge-driver/3.141.59/selenium-edge-driver-3.141.59.jar:/Users/arieshome/.m2/repository/org/seleniumhq/selenium/selenium-firefox-driver/3.141.59/selenium-firefox-driver-3.141.59.jar:/Users/arieshome/.m2/repository/org/seleniumhq/selenium/selenium-ie-driver/3.141.59/selenium-ie-driver-3.141.59.jar:/Users/arieshome/.m2/repository/org/seleniumhq/selenium/selenium-opera-driver/3.141.59/selenium-opera-driver-3.141.59.jar:/Users/arieshome/.m2/repository/org/seleniumhq/selenium/selenium-remote-driver/3.141.59/selenium-remote-driver-3.141.59.jar:/Users/arieshome/.m2/repository/org/seleniumhq/selenium/selenium-safari-driver/3.141.59/selenium-safari-driver-3.141.59.jar:/Users/arieshome/.m2/repository/net/bytebuddy/byte-buddy/1.8.15/byte-buddy-1.8.15.jar:/Users/arieshome/.m2/repository/org/apache/commons/commons-exec/1.3/commons-exec-1.3.jar:/Users/arieshome/.m2/repository/com/google/guava/guava/25.0-jre/guava-25.0-jre.jar:/Users/arieshome/.m2/repository/org/checkerframework/checker-compat-qual/2.0.0/checker-compat-qual-2.0.0.jar:/Users/arieshome/.m2/repository/com/google/errorprone/error_prone_annotations/2.1.3/error_prone_annotations-2.1.3.jar:/Users/arieshome/.m2/repository/com/google/j2objc/j2objc-annotations/1.1/j2objc-annotations-1.1.jar:/Users/arieshome/.m2/repository/org/codehaus/mojo/animal-sniffer-annotations/1.14/animal-sniffer-annotations-1.14.jar:/Users/arieshome/.m2/repository/com/squareup/okhttp3/okhttp/3.11.0/okhttp-3.11.0.jar:/Users/arieshome/.m2/repository/com/squareup/okio/okio/1.14.0/okio-1.14.0.jar:/Users/arieshome/.m2/repository/org/seleniumhq/selenium/selenium-support/3.141.59/selenium-support-3.141.59.jar:/Users/arieshome/.m2/repository/org/seleniumhq/selenium/selenium-api/3.141.59/selenium-api-3.141.59.jar:/Users/arieshome/.m2/repository/com/google/code/gson/gson/2.8.8/gson-2.8.8.jar:/Users/arieshome/.m2/repository/org/apache/httpcomponents/httpclient/4.5.13/httpclient-4.5.13.jar:/Users/arieshome/.m2/repository/org/apache/httpcomponents/httpcore/4.4.13/httpcore-4.4.13.jar:/Users/arieshome/.m2/repository/commons-logging/commons-logging/1.2/commons-logging-1.2.jar:/Users/arieshome/.m2/repository/cglib/cglib/3.3.0/cglib-3.3.0.jar:/Users/arieshome/.m2/repository/org/ow2/asm/asm/7.1/asm-7.1.jar:/Users/arieshome/.m2/repository/commons-validator/commons-validator/1.7/commons-validator-1.7.jar:/Users/arieshome/.m2/repository/commons-beanutils/commons-beanutils/1.9.4/commons-beanutils-1.9.4.jar:/Users/arieshome/.m2/repository/commons-digester/commons-digester/2.1/commons-digester-2.1.jar:/Users/arieshome/.m2/repository/commons-collections/commons-collections/3.2.2/commons-collections-3.2.2.jar:/Users/arieshome/.m2/repository/org/apache/commons/commons-lang3/3.12.0/commons-lang3-3.12.0.jar:/Users/arieshome/.m2/repository/org/springframework/spring-context/5.3.10/spring-context-5.3.10.jar:/Users/arieshome/.m2/repository/org/springframework/spring-aop/5.3.10/spring-aop-5.3.10.jar:/Users/arieshome/.m2/repository/org/springframework/spring-beans/5.3.10/spring-beans-5.3.10.jar:/Users/arieshome/.m2/repository/org/springframework/spring-core/5.3.10/spring-core-5.3.10.jar:/Users/arieshome/.m2/repository/org/springframework/spring-jcl/5.3.10/spring-jcl-5.3.10.jar:/Users/arieshome/.m2/repository/org/springframework/spring-expression/5.3.10/spring-expression-5.3.10.jar:/Users/arieshome/.m2/repository/org/aspectj/aspectjweaver/1.9.7/aspectjweaver-1.9.7.jar:/Users/arieshome/.m2/repository/org/slf4j/slf4j-api/1.7.32/slf4j-api-1.7.32.jar:/Users/arieshome/.m2/repository/org/testng/testng/7.6.0/testng-7.6.0.jar:/Users/arieshome/.m2/repository/com/google/code/findbugs/jsr305/3.0.2/jsr305-3.0.2.jar:/Users/arieshome/.m2/repository/com/beust/jcommander/1.82/jcommander-1.82.jar:/Users/arieshome/.m2/repository/org/webjars/jquery/3.6.0/jquery-3.6.0.jar:/Users/arieshome/.m2/repository/org/json/json/20210307/json-20210307.jar:/Users/arieshome/.m2/repository/org/apache/logging/log4j/log4j-core/2.14.1/log4j-core-2.14.1.jar:/Users/arieshome/.m2/repository/org/apache/logging/log4j/log4j-api/2.14.1/log4j-api-2.14.1.jar:/Users/arieshome/.m2/repository/com/aventstack/extentreports/5.0.9/extentreports-5.0.9.jar:/Users/arieshome/.m2/repository/io/reactivex/rxjava3/rxjava/3.0.4/rxjava-3.0.4.jar:/Users/arieshome/.m2/repository/org/reactivestreams/reactive-streams/1.0.3/reactive-streams-1.0.3.jar:/Users/arieshome/.m2/repository/org/freemarker/freemarker/2.3.30/freemarker-2.3.30.jar:/Users/arieshome/.m2/repository/org/projectlombok/lombok/1.18.12/lombok-1.18.12.jar:/Users/arieshome/.m2/repository/commons-codec/commons-codec/1.15/commons-codec-1.15.jar:/Users/arieshome/.m2/repository/commons-io/commons-io/2.11.0/commons-io-2.11.0.jar:"/>
    <property name="sun.cpu.endian" value="little"/>
    <property name="user.home" value="/Users/arieshome"/>
    <property name="user.language" value="en"/>
    <property name="java.specification.vendor" value="Oracle Corporation"/>
    <property name="java.version.date" value="2021-01-19"/>
    <property name="java.home" value="/Library/Java/JavaVirtualMachines/jdk-15.0.2.jdk/Contents/Home"/>
    <property name="file.separator" value="/"/>
    <property name="basedir" value="/Users/arieshome/Projects/Git/appium-pageobjectmodel"/>
    <property name="java.vm.compressedOopsMode" value="Zero based"/>
    <property name="line.separator" value="&#10;"/>
    <property name="java.specification.name" value="Java Platform API Specification"/>
    <property name="java.vm.specification.vendor" value="Oracle Corporation"/>
    <property name="surefire.real.class.path" value="/Users/arieshome/Projects/Git/appium-pageobjectmodel/target/surefire/surefirebooter-20220926225754189_3.jar"/>
    <property name="sun.management.compiler" value="HotSpot 64-Bit Tiered Compilers"/>
    <property name="ftp.nonProxyHosts" value="local|*.local|169.254/16|*.169.254/16"/>
    <property name="java.runtime.version" value="15.0.2+7-27"/>
    <property name="user.name" value="arieshome"/>
    <property name="path.separator" value=":"/>
    <property name="os.version" value="10.16"/>
    <property name="java.runtime.name" value="Java(TM) SE Runtime Environment"/>
    <property name="file.encoding" value="UTF-8"/>
    <property name="java.vm.name" value="Java HotSpot(TM) 64-Bit Server VM"/>
    <property name="localRepository" value="/Users/arieshome/.m2/repository"/>
    <property name="java.vendor.url.bug" value="https://bugreport.java.com/bugreport/"/>
    <property name="java.io.tmpdir" value="/var/folders/fq/s16hbx3x0c14yp0fn75b1wwr0000gn/T/"/>
    <property name="java.version" value="15.0.2"/>
    <property name="user.dir" value="/Users/arieshome/Projects/Git/appium-pageobjectmodel"/>
    <property name="os.arch" value="x86_64"/>
    <property name="java.vm.specification.name" value="Java Virtual Machine Specification"/>
    <property name="java.library.path" value="/Users/arieshome/Library/Java/Extensions:/Library/Java/Extensions:/Network/Library/Java/Extensions:/System/Library/Java/Extensions:/usr/lib/java:."/>
    <property name="java.vm.info" value="mixed mode, sharing"/>
    <property name="java.vendor" value="Oracle Corporation"/>
    <property name="java.vm.version" value="15.0.2+7-27"/>
    <property name="sun.io.unicode.encoding" value="UnicodeBig"/>
    <property name="socksNonProxyHosts" value="local|*.local|169.254/16|*.169.254/16"/>
    <property name="java.class.version" value="59.0"/>
  </properties>
  <testcase name="invalidPassword" classname="com.qa.tests.LoginTests" time="4.927">
    <system-out><![CDATA[&amp#27;[35m[Appium]&amp#27;[39m Welcome to Appium v1.22.3
&amp#27;[35m[Appium]&amp#27;[39m Appium REST http interface listener started on 0.0.0.0:4723
&amp#27;[35m[HTTP]&amp#27;[39m &amp#27;[37m-->&amp#27;[39m &amp#27;[37mGET&amp#27;[39m &amp#27;[37m/wd/hub/status&amp#27;[39m
&amp#27;[35m[HTTP]&amp#27;[39m &amp#27;[90m{}&amp#27;[39m
[debug] &amp#27;[35m[GENERIC]&amp#27;[39m Calling AppiumDriver.[INFO ] 2022-09-26 22:57:56.725 com.qa.BaseTest:150 - Appium server started
[INFO ] 2022-09-26 22:57:56.786 com.qa.BaseTest:232 - log path: logs/Android_Pixel_5_API_32
[INFO ] 2022-09-26 22:57:56.790 com.qa.BaseTest:239 - load config.properties
[INFO ] 2022-09-26 22:57:56.797 com.qa.BaseTest:244 - load strings/strings.xml
[INFO ] 2022-09-26 22:57:56.815 com.qa.BaseTest:269 - appUrl is/Users/arieshome/Projects/Git/appium-pageobjectmodel/src/test/resources/app/Android.SauceLabs.Mobile.Sample.app.2.2.1.apk
[INFO ] 2022-09-26 22:58:08.162 com.qa.BaseTest:292 - driver initialized: io.appium.java_client.android.AndroidDriver, Capabilities: {app=/Users/arieshome/Projects/Git/appium-pageobjectmodel/src/test/resources/app/Android.SauceLabs.Mobile.Sample.app.2.2.1.apk, appActivity=com.swaglabsmobileapp.SplashActivity, appPackage=com.swaglabsmobileapp, automationName=UiAutomator2, avd=Pixel_5_API_32, avdLaunchTimeout=120000, chromeDriverPort=11000, databaseEnabled=false, desired={platformName=android, chromeDriverPort=11000, app=/Users/arieshome/Projects/Git/appium-pageobjectmodel/src/test/resources/app/Android.SauceLabs.Mobile.Sample.app.2.2.1.apk, appActivity=com.swaglabsmobileapp.SplashActivity, appPackage=com.swaglabsmobileapp, automationName=UiAutomator2, avd=Pixel_5_API_32, avdLaunchTimeout=120000, deviceName=Pixel_5_API_32, systemPort=10000, udid=emulator-5556}, deviceApiLevel=32, deviceManufacturer=Google, deviceModel=sdk_gphone64_arm64, deviceName=emulator-5556, deviceScreenDensity=440, deviceScreenSize=1080x2340, deviceUDID=emulator-5556, javascriptEnabled=true, locationContextEnabled=false, networkConnectionEnabled=true, pixelRatio=2.75, platform=LINUX, platformName=Android, platformVersion=12, statBarHeight=66, systemPort=10000, takesScreenshot=true, udid=emulator-5556, viewportRect={left=0, top=66, width=1080, height=2230}, warnings={}, webStorageEnabled=false}
[INFO ] 2022-09-26 22:58:09.834 com.qa.tests.LoginTests:47 - 
****** starting test:invalidPassword******

[INFO ] 2022-09-26 22:58:10.997 com.qa.BaseTest:344 - login with standard_user
[INFO ] 2022-09-26 22:58:12.777 com.qa.BaseTest:344 - password is invalidpassword
[INFO ] 2022-09-26 22:58:13.897 com.qa.BaseTest:332 - press login button
[INFO ] 2022-09-26 22:58:14.991 com.qa.BaseTest:364 - error text is - Username and password do not match any user in this service.
]]></system-out>
    <system-err><![CDATA[SLF4J: Failed to load class "org.slf4j.impl.StaticLoggerBinder".
SLF4J: Defaulting to no-operation (NOP) logger implementation
SLF4J: See http://www.slf4j.org/codes.html#StaticLoggerBinder for further details.
Sep 26, 2022 10:58:08 PM io.appium.java_client.remote.AppiumCommandExecutor$1 lambda$0
INFO: Detected dialect: W3C
]]></system-err>
  </testcase>
  <testcase name="invalidUserName" classname="com.qa.tests.LoginTests" time="3.365">
    <system-out><![CDATA[[INFO ] 2022-09-26 22:58:16.059 com.qa.BaseTest:132 - video path: videos/Android_Pixel_5_API_32/2022-09-26-22-57-56/LoginTests/invalidPassword.mp4
[INFO ] 2022-09-26 22:58:16.597 com.qa.tests.LoginTests:47 - 
****** starting test:invalidUserName******

[INFO ] 2022-09-26 22:58:17.371 com.qa.BaseTest:344 - login with invalidusername
[INFO ] 2022-09-26 22:58:19.065 com.qa.BaseTest:344 - password is secret_sauce
[INFO ] 2022-09-26 22:58:19.682 com.qa.BaseTest:332 - press login button
[INFO ] 2022-09-26 22:58:19.969 com.qa.BaseTest:364 - error text is - Username and password do not match any user in this service.
]]></system-out>
  </testcase>
  <testcase name="successfulLogin" classname="com.qa.tests.LoginTests" time="4.369">
    <system-out><![CDATA[[INFO ] 2022-09-26 22:58:20.839 com.qa.BaseTest:132 - video path: videos/Android_Pixel_5_API_32/2022-09-26-22-57-56/LoginTests/invalidUserName.mp4
[INFO ] 2022-09-26 22:58:21.373 com.qa.tests.LoginTests:47 - 
****** starting test:successfulLogin******

[INFO ] 2022-09-26 22:58:22.088 com.qa.BaseTest:344 - login with standard_user
[INFO ] 2022-09-26 22:58:23.261 com.qa.BaseTest:344 - password is secret_sauce
[INFO ] 2022-09-26 22:58:24.382 com.qa.BaseTest:332 - press login button
[INFO ] 2022-09-26 22:58:25.744 com.qa.BaseTest:364 - product page title is - PRODUCTS
]]></system-out>
  </testcase>
</testsuite>