<?xml version="1.0" encoding="UTF-8"?>
<!-- Generated by org.testng.reporters.JUnitReportReporter -->
<testsuite hostname="Rodolfos-MBP.attlocal.net" failures="0" tests="3" name="com.qa.tests.LoginTests" time="17.405" errors="0" timestamp="2022-09-26T22:58:27 EDT" skipped="0">
  <testcase classname="com.qa.tests.LoginTests" name="invalidUserName" time="5.017"/>
  <system-out/>
  <testcase classname="com.qa.tests.LoginTests" name="invalidPassword" time="6.434"/>
  <system-out/>
  <testcase classname="com.qa.tests.LoginTests" name="successfulLogin" time="5.954"/>
  <system-out/>
</testsuite> <!-- com.qa.tests.LoginTests -->
